app/build/intermediates/manifest_merge_blame_file/debug/manifest-merger-blame-debug-report.txt
1<?xml version="1.0" encoding="utf-8"?>
2<manifest xmlns:android="http://schemas.android.com/apk/res/android"
3    package="com.treeleaf.anydone.serviceprovider"
4    android:versionCode="1"
5    android:versionName="2" >
6
7    <uses-sdk
8        android:minSdkVersion="21"
8-->src/main/AndroidManifest.xml
9        android:targetSdkVersion="29" />
9-->src/main/AndroidManifest.xml
10
11    <uses-permission android:name="android.permission.ACCESS_NETWORK_STATE" />
11-->src/main/AndroidManifest.xml:6:5-79
11-->src/main/AndroidManifest.xml:6:22-76
12    <uses-permission android:name="android.permission.INTERNET" />
12-->src/main/AndroidManifest.xml:7:5-67
12-->src/main/AndroidManifest.xml:7:22-64
13    <uses-permission android:name="android.permission.RECORD_AUDIO" />
13-->src/main/AndroidManifest.xml:8:5-71
13-->src/main/AndroidManifest.xml:8:22-68
14    <uses-permission android:name="android.permission.ACCESS_COARSE_LOCATION" />
14-->src/main/AndroidManifest.xml:9:5-81
14-->src/main/AndroidManifest.xml:9:22-78
15    <uses-permission android:name="android.permission.ACCESS_FINE_LOCATION" />
15-->src/main/AndroidManifest.xml:10:5-79
15-->src/main/AndroidManifest.xml:10:22-76
16    <uses-permission android:name="android.permission.ACCESS_BACKGROUND_LOCATION" />
16-->src/main/AndroidManifest.xml:11:5-85
16-->src/main/AndroidManifest.xml:11:22-82
17    <uses-permission android:name="android.permission.READ_EXTERNAL_STORAGE" />
17-->src/main/AndroidManifest.xml:12:5-80
17-->src/main/AndroidManifest.xml:12:22-77
18    <uses-permission android:name="android.permission.ACCESS_MEDIA_LOCATION" />
18-->src/main/AndroidManifest.xml:13:5-80
18-->src/main/AndroidManifest.xml:13:22-77
19    <uses-permission android:name="android.permission.CAMERA" />
19-->src/main/AndroidManifest.xml:14:5-65
19-->src/main/AndroidManifest.xml:14:22-62
20    <uses-permission android:name="android.permission.WRITE_EXTERNAL_STORAGE" />
20-->src/main/AndroidManifest.xml:15:5-81
20-->src/main/AndroidManifest.xml:15:22-78
21    <uses-permission android:name="android.permission.READ_PHONE_STATE" />
21-->src/main/AndroidManifest.xml:16:5-75
21-->src/main/AndroidManifest.xml:16:22-72
22
23    <uses-feature android:name="android.hardware.camera" />
23-->[:treeleaf-webrtc-library] AndroidManifest.xml:11:5-60
23-->[:treeleaf-webrtc-library] AndroidManifest.xml:11:19-57
24    <uses-feature android:name="android.hardware.camera.autofocus" />
24-->[:treeleaf-webrtc-library] AndroidManifest.xml:12:5-70
24-->[:treeleaf-webrtc-library] AndroidManifest.xml:12:19-67
25    <uses-feature
25-->[:treeleaf-webrtc-library] AndroidManifest.xml:13:5-15:35
26        android:glEsVersion="0x00020000"
26-->[:treeleaf-webrtc-library] AndroidManifest.xml:14:9-41
27        android:required="true" />
27-->[:treeleaf-webrtc-library] AndroidManifest.xml:15:9-32
28
29    <uses-permission android:name="android.permission.CHANGE_NETWORK_STATE" />
29-->[:treeleaf-webrtc-library] AndroidManifest.xml:18:5-79
29-->[:treeleaf-webrtc-library] AndroidManifest.xml:18:22-76
30    <uses-permission android:name="android.permission.MODIFY_AUDIO_SETTINGS" />
30-->[:treeleaf-webrtc-library] AndroidManifest.xml:19:5-80
30-->[:treeleaf-webrtc-library] AndroidManifest.xml:19:22-77
31    <uses-permission android:name="android.permission.CAPTURE_VIDEO_OUTPUT" />
31-->[:treeleaf-webrtc-library] AndroidManifest.xml:24:5-79
31-->[:treeleaf-webrtc-library] AndroidManifest.xml:24:22-76
32
33    <uses-feature
33-->[com.mapbox.mapboxsdk:mapbox-android-sdk:9.0.0] AndroidManifest.xml:12:5-14:36
34        android:name="android.hardware.wifi"
34-->[com.mapbox.mapboxsdk:mapbox-android-sdk:9.0.0] AndroidManifest.xml:13:9-45
35        android:required="false" />
35-->[com.mapbox.mapboxsdk:mapbox-android-sdk:9.0.0] AndroidManifest.xml:14:9-33
36
37    <uses-permission android:name="android.permission.ACCESS_WIFI_STATE" /> <!-- Required for CrashReporterJobIntentService on API levels below 25 -->
37-->[com.mapbox.mapboxsdk:mapbox-android-sdk:9.0.0] AndroidManifest.xml:18:5-76
37-->[com.mapbox.mapboxsdk:mapbox-android-sdk:9.0.0] AndroidManifest.xml:18:22-73
38    <uses-permission android:name="android.permission.WAKE_LOCK" />
38-->[com.mapbox.mapboxsdk:mapbox-android-telemetry:4.7.1] AndroidManifest.xml:12:5-68
38-->[com.mapbox.mapboxsdk:mapbox-android-telemetry:4.7.1] AndroidManifest.xml:12:22-65
39
40    <uses-feature
40-->[com.otaliastudios:cameraview:2.2.0] AndroidManifest.xml:25:5-27:36
41        android:name="android.hardware.camera.front"
41-->[com.otaliastudios:cameraview:2.2.0] AndroidManifest.xml:26:9-53
42        android:required="false" />
42-->[com.otaliastudios:cameraview:2.2.0] AndroidManifest.xml:27:9-33
43    <uses-feature
43-->[com.otaliastudios:cameraview:2.2.0] AndroidManifest.xml:28:5-30:36
44        android:name="android.hardware.microphone"
44-->[com.otaliastudios:cameraview:2.2.0] AndroidManifest.xml:29:9-51
45        android:required="false" /> <!-- Required by older versions of Google Play services to create IID tokens -->
45-->[com.otaliastudios:cameraview:2.2.0] AndroidManifest.xml:30:9-33
46    <uses-permission android:name="com.google.android.c2dm.permission.RECEIVE" />
46-->[com.google.firebase:firebase-iid:20.0.2] AndroidManifest.xml:26:5-82
46-->[com.google.firebase:firebase-iid:20.0.2] AndroidManifest.xml:26:22-79
47    <uses-permission android:name="com.google.android.finsky.permission.BIND_GET_INSTALL_REFERRER_SERVICE" />
47-->[com.google.android.gms:play-services-measurement:17.3.0] AndroidManifest.xml:26:5-110
47-->[com.google.android.gms:play-services-measurement:17.3.0] AndroidManifest.xml:26:22-107
48
49    <application
49-->src/main/AndroidManifest.xml:18:5-123:19
50        android:name="com.treeleaf.anydone.serviceprovider.AnyDoneServiceProviderApplication"
50-->src/main/AndroidManifest.xml:19:9-58
51        android:allowBackup="false"
51-->src/main/AndroidManifest.xml:20:9-36
52        android:appComponentFactory="androidx.core.app.CoreComponentFactory"
52-->[androidx.core:core:1.1.0] AndroidManifest.xml:24:18-86
53        android:debuggable="true"
54        android:fullBackupContent="false"
54-->src/main/AndroidManifest.xml:21:9-42
55        android:icon="@mipmap/ic_launcher"
55-->src/main/AndroidManifest.xml:22:9-43
56        android:label="@string/app_name"
56-->src/main/AndroidManifest.xml:23:9-41
57        android:networkSecurityConfig="@xml/network_security_config"
57-->[:treeleaf-webrtc-library] AndroidManifest.xml:30:9-69
58        android:requestLegacyExternalStorage="true"
58-->src/main/AndroidManifest.xml:24:9-52
59        android:roundIcon="@mipmap/ic_launcher_round"
59-->src/main/AndroidManifest.xml:25:9-54
60        android:supportsRtl="true"
60-->src/main/AndroidManifest.xml:26:9-35
61        android:testOnly="true"
62        android:theme="@style/AppTheme" >
62-->src/main/AndroidManifest.xml:27:9-40
63        <activity
63-->src/main/AndroidManifest.xml:29:9-31:59
64            android:name="com.treeleaf.anydone.serviceprovider.ticketdetails.TicketDetailsActivity"
64-->src/main/AndroidManifest.xml:30:13-64
65            android:theme="@style/AppTheme.NoActionBar" />
65-->src/main/AndroidManifest.xml:31:13-56
66        <activity android:name="com.treeleaf.anydone.serviceprovider.tickets.unassignedtickets.UnassignedTicketsActivity" />
66-->src/main/AndroidManifest.xml:32:9-89
66-->src/main/AndroidManifest.xml:32:19-86
67        <activity android:name="com.treeleaf.anydone.serviceprovider.addticket.AddTicketActivity" />
67-->src/main/AndroidManifest.xml:33:9-65
67-->src/main/AndroidManifest.xml:33:19-62
68        <activity android:name="com.treeleaf.anydone.serviceprovider.tickets.unsubscribedtickets.UnSubscribedTicketsActivity" />
68-->src/main/AndroidManifest.xml:34:9-93
68-->src/main/AndroidManifest.xml:34:19-90
69        <activity
69-->src/main/AndroidManifest.xml:35:9-37:59
70            android:name="com.treeleaf.anydone.serviceprovider.weblink.WebLinkActivity"
70-->src/main/AndroidManifest.xml:36:13-52
71            android:theme="@style/AppTheme.NoActionBar" />
71-->src/main/AndroidManifest.xml:37:13-56
72        <activity android:name="com.treeleaf.anydone.serviceprovider.picklocation.PickLocationActivity" />
72-->src/main/AndroidManifest.xml:38:9-71
72-->src/main/AndroidManifest.xml:38:19-68
73        <activity android:name="com.treeleaf.anydone.serviceprovider.aboutus.AboutUsActivity" />
73-->src/main/AndroidManifest.xml:39:9-61
73-->src/main/AndroidManifest.xml:39:19-58
74        <activity android:name="com.treeleaf.anydone.serviceprovider.setting.timezone.SelectTimezoneActivity" />
74-->src/main/AndroidManifest.xml:40:9-77
74-->src/main/AndroidManifest.xml:40:19-74
75        <activity android:name="com.treeleaf.anydone.serviceprovider.setting.timezone.TimezoneActivity" />
75-->src/main/AndroidManifest.xml:41:9-71
75-->src/main/AndroidManifest.xml:41:19-68
76        <activity
76-->src/main/AndroidManifest.xml:42:9-44:48
77            android:name="com.treeleaf.anydone.serviceprovider.setting.location.AddLocationActivity"
77-->src/main/AndroidManifest.xml:43:13-65
78            android:theme="@style/FormTheme" />
78-->src/main/AndroidManifest.xml:44:13-45
79        <activity android:name="com.treeleaf.anydone.serviceprovider.setting.location.showLocation.ShowLocationActivity" />
79-->src/main/AndroidManifest.xml:45:9-88
79-->src/main/AndroidManifest.xml:45:19-85
80        <activity android:name="com.treeleaf.anydone.serviceprovider.setting.currency.SelectCurrencyActivity" />
80-->src/main/AndroidManifest.xml:46:9-77
80-->src/main/AndroidManifest.xml:46:19-74
81        <activity android:name="com.treeleaf.anydone.serviceprovider.setting.currency.CurrencyActivity" />
81-->src/main/AndroidManifest.xml:47:9-71
81-->src/main/AndroidManifest.xml:47:19-68
82        <activity android:name="com.treeleaf.anydone.serviceprovider.setting.video.VideoSettingActivity" />
82-->src/main/AndroidManifest.xml:48:9-72
82-->src/main/AndroidManifest.xml:48:19-69
83        <activity
83-->src/main/AndroidManifest.xml:49:9-51:46
84            android:name="com.treeleaf.anydone.serviceprovider.setting.language.LanguagesActivity"
84-->src/main/AndroidManifest.xml:50:13-63
85            android:configChanges="locale" />
85-->src/main/AndroidManifest.xml:51:13-43
86        <activity
86-->src/main/AndroidManifest.xml:52:9-61:20
87            android:name="com.treeleaf.anydone.serviceprovider.splash.SplashActivity"
87-->src/main/AndroidManifest.xml:53:13-50
88            android:label="@string/app_name"
88-->src/main/AndroidManifest.xml:54:13-45
89            android:theme="@style/AppTheme.NoActionBar" >
89-->src/main/AndroidManifest.xml:55:13-56
90            <intent-filter>
90-->src/main/AndroidManifest.xml:56:13-60:29
91                <action android:name="android.intent.action.MAIN" />
91-->src/main/AndroidManifest.xml:57:17-69
91-->src/main/AndroidManifest.xml:57:25-66
92
93                <category android:name="android.intent.category.LAUNCHER" />
93-->src/main/AndroidManifest.xml:59:17-77
93-->src/main/AndroidManifest.xml:59:27-74
94            </intent-filter>
95        </activity>
96        <activity
96-->src/main/AndroidManifest.xml:62:9-64:59
97            android:name="com.treeleaf.anydone.serviceprovider.login.LoginActivity"
97-->src/main/AndroidManifest.xml:63:13-48
98            android:theme="@style/AppTheme.NoActionBar" />
98-->src/main/AndroidManifest.xml:64:13-56
99        <activity
99-->src/main/AndroidManifest.xml:65:9-68:48
100            android:name="com.treeleaf.anydone.serviceprovider.profile.ProfileActivity"
100-->src/main/AndroidManifest.xml:66:13-52
101            android:configChanges="locale"
101-->src/main/AndroidManifest.xml:67:13-43
102            android:theme="@style/FormTheme" />
102-->src/main/AndroidManifest.xml:68:13-45
103        <activity
103-->src/main/AndroidManifest.xml:69:9-71:59
104            android:name="com.treeleaf.anydone.serviceprovider.verification.VerificationActivity"
104-->src/main/AndroidManifest.xml:70:13-62
105            android:theme="@style/AppTheme.NoActionBar" />
105-->src/main/AndroidManifest.xml:71:13-56
106        <activity
106-->src/main/AndroidManifest.xml:72:9-75:59
107            android:name="com.treeleaf.anydone.serviceprovider.landing.LandingActivity"
107-->src/main/AndroidManifest.xml:73:13-52
108            android:configChanges="locale"
108-->src/main/AndroidManifest.xml:74:13-43
109            android:theme="@style/AppTheme.NoActionBar" />
109-->src/main/AndroidManifest.xml:75:13-56
110        <activity
110-->src/main/AndroidManifest.xml:76:9-78:59
111            android:name="com.treeleaf.anydone.serviceprovider.forgotpassword.ForgotPasswordActivity"
111-->src/main/AndroidManifest.xml:77:13-66
112            android:theme="@style/AppTheme.NoActionBar" />
112-->src/main/AndroidManifest.xml:78:13-56
113        <activity
113-->src/main/AndroidManifest.xml:79:9-82:48
114            android:name="com.treeleaf.anydone.serviceprovider.editprofile.EditProfileActivity"
114-->src/main/AndroidManifest.xml:80:13-60
115            android:configChanges="locale"
115-->src/main/AndroidManifest.xml:81:13-43
116            android:theme="@style/FormTheme" />
116-->src/main/AndroidManifest.xml:82:13-45
117        <activity
117-->src/main/AndroidManifest.xml:83:9-86:48
118            android:name="com.treeleaf.anydone.serviceprovider.changepassword.ChangePasswordActivity"
118-->src/main/AndroidManifest.xml:84:13-66
119            android:configChanges="locale"
119-->src/main/AndroidManifest.xml:85:13-43
120            android:theme="@style/FormTheme" />
120-->src/main/AndroidManifest.xml:86:13-45
121        <activity
121-->src/main/AndroidManifest.xml:87:9-90:48
122            android:name="com.treeleaf.anydone.serviceprovider.setting.SettingsActivity"
122-->src/main/AndroidManifest.xml:88:13-53
123            android:configChanges="locale"
123-->src/main/AndroidManifest.xml:89:13-43
124            android:theme="@style/FormTheme" />
124-->src/main/AndroidManifest.xml:90:13-45
125        <activity
125-->src/main/AndroidManifest.xml:91:9-93:59
126            android:name="com.treeleaf.anydone.serviceprovider.forgotpassword.resetpassword.ResetPasswordActivity"
126-->src/main/AndroidManifest.xml:92:13-79
127            android:theme="@style/AppTheme.NoActionBar" />
127-->src/main/AndroidManifest.xml:93:13-56
128        <activity
128-->src/main/AndroidManifest.xml:94:9-96:59
129            android:name="com.treeleaf.anydone.serviceprovider.forgotpassword.verifyCode.VerifyCodeActivity"
129-->src/main/AndroidManifest.xml:95:13-73
130            android:theme="@style/AppTheme.NoActionBar" />
130-->src/main/AndroidManifest.xml:96:13-56
131        <activity
131-->src/main/AndroidManifest.xml:97:9-101:58
132            android:name="com.treeleaf.anydone.serviceprovider.servicerequestdetail.servicerequestdetailactivity.ServiceRequestDetailActivity"
132-->src/main/AndroidManifest.xml:98:13-107
133            android:configChanges="locale"
133-->src/main/AndroidManifest.xml:99:13-43
134            android:theme="@style/AppTheme.NoActionBar"
134-->src/main/AndroidManifest.xml:100:13-56
135            android:windowSoftInputMode="adjustResize" />
135-->src/main/AndroidManifest.xml:101:13-55
136        <!--
137 <activity
138             android:name="com.theartofdev.edmodo.cropper.CropImageActivity"
139             android:theme="@style/Base.Theme.AppCompat" />
140        -->
141        <activity
141-->src/main/AndroidManifest.xml:107:9-110:72
142            android:name="com.yalantis.ucrop.UCropActivity"
142-->src/main/AndroidManifest.xml:108:13-60
143            android:screenOrientation="fullSensor"
143-->src/main/AndroidManifest.xml:109:13-51
144            android:theme="@style/Theme.AppCompat.Light.NoActionBar" />
144-->src/main/AndroidManifest.xml:110:13-69
145
146        <provider
146-->src/main/AndroidManifest.xml:112:9-120:20
147            android:name="androidx.core.content.FileProvider"
147-->src/main/AndroidManifest.xml:113:13-62
148            android:authorities="com.treeleaf.anydone.serviceprovider.provider"
148-->src/main/AndroidManifest.xml:114:13-80
149            android:exported="false"
149-->src/main/AndroidManifest.xml:115:13-37
150            android:grantUriPermissions="true" >
150-->src/main/AndroidManifest.xml:116:13-47
151            <meta-data
151-->src/main/AndroidManifest.xml:117:13-119:58
152                android:name="android.support.FILE_PROVIDER_PATHS"
152-->src/main/AndroidManifest.xml:118:17-67
153                android:resource="@xml/provider_paths" />
153-->src/main/AndroidManifest.xml:119:17-55
154        </provider>
155
156        <service android:name="org.eclipse.paho.android.service.MqttService" />
156-->src/main/AndroidManifest.xml:122:9-80
156-->src/main/AndroidManifest.xml:122:18-77
157
158        <activity android:name="com.treeleaf.januswebrtc.ChooseActivity" />
158-->[:treeleaf-webrtc-library] AndroidManifest.xml:34:9-76
158-->[:treeleaf-webrtc-library] AndroidManifest.xml:34:19-73
159        <activity android:name="com.treeleaf.januswebrtc.ServerActivity" />
159-->[:treeleaf-webrtc-library] AndroidManifest.xml:35:9-76
159-->[:treeleaf-webrtc-library] AndroidManifest.xml:35:19-73
160        <activity
160-->[:treeleaf-webrtc-library] AndroidManifest.xml:36:9-40:55
161            android:name="com.treeleaf.januswebrtc.ClientActivity"
161-->[:treeleaf-webrtc-library] AndroidManifest.xml:37:13-67
162            android:screenOrientation="portrait"
162-->[:treeleaf-webrtc-library] AndroidManifest.xml:38:13-49
163            android:theme="@style/AppTheme.NoActionBar"
163-->[:treeleaf-webrtc-library] AndroidManifest.xml:39:13-56
164            android:windowSoftInputMode="adjustPan" />
164-->[:treeleaf-webrtc-library] AndroidManifest.xml:40:13-52
165        <activity
165-->[com.mapbox.mapboxsdk:mapbox-android-plugin-places-v9:0.11.0] AndroidManifest.xml:10:9-14:68
166            android:name="com.mapbox.mapboxsdk.plugins.places.autocomplete.ui.PlaceAutocompleteActivity"
166-->[com.mapbox.mapboxsdk:mapbox-android-plugin-places-v9:0.11.0] AndroidManifest.xml:11:13-105
167            android:configChanges="keyboard|keyboardHidden|orientation|screenLayout|uiMode|screenSize|smallestScreenSize"
167-->[com.mapbox.mapboxsdk:mapbox-android-plugin-places-v9:0.11.0] AndroidManifest.xml:12:13-122
168            android:theme="@style/mapbox_plugins_translucent"
168-->[com.mapbox.mapboxsdk:mapbox-android-plugin-places-v9:0.11.0] AndroidManifest.xml:13:13-62
169            android:windowSoftInputMode="stateVisible|adjustPan" />
169-->[com.mapbox.mapboxsdk:mapbox-android-plugin-places-v9:0.11.0] AndroidManifest.xml:14:13-65
170        <activity
170-->[com.mapbox.mapboxsdk:mapbox-android-plugin-places-v9:0.11.0] AndroidManifest.xml:15:9-17:125
171            android:name="com.mapbox.mapboxsdk.plugins.places.picker.ui.PlacePickerActivity"
171-->[com.mapbox.mapboxsdk:mapbox-android-plugin-places-v9:0.11.0] AndroidManifest.xml:16:13-93
172            android:configChanges="keyboard|keyboardHidden|orientation|screenLayout|uiMode|screenSize|smallestScreenSize" />
172-->[com.mapbox.mapboxsdk:mapbox-android-plugin-places-v9:0.11.0] AndroidManifest.xml:17:13-122
173        <activity
173-->[com.github.RAN3000:AndroidDraw:da6512c] AndroidManifest.xml:12:9-14:66
174            android:name="com.divyanshu.draw.activity.DrawingActivity"
174-->[com.github.RAN3000:AndroidDraw:da6512c] AndroidManifest.xml:13:13-71
175            android:theme="@style/Theme.AppCompat.NoActionBar" />
175-->[com.github.RAN3000:AndroidDraw:da6512c] AndroidManifest.xml:14:13-63
176        <activity
176-->[pub.devrel:easypermissions:2.0.1] AndroidManifest.xml:12:9-16:66
177            android:name="pub.devrel.easypermissions.AppSettingsDialogHolderActivity"
177-->[pub.devrel:easypermissions:2.0.1] AndroidManifest.xml:13:13-86
178            android:exported="false"
178-->[pub.devrel:easypermissions:2.0.1] AndroidManifest.xml:14:13-37
179            android:label=""
179-->[pub.devrel:easypermissions:2.0.1] AndroidManifest.xml:15:13-29
180            android:theme="@style/EasyPermissions.Transparent" />
180-->[pub.devrel:easypermissions:2.0.1] AndroidManifest.xml:16:13-63
181
182        <service
182-->[com.google.firebase:firebase-crashlytics:17.0.0-beta04] AndroidManifest.xml:13:9-19:19
183            android:name="com.google.firebase.components.ComponentDiscoveryService"
183-->[com.google.firebase:firebase-crashlytics:17.0.0-beta04] AndroidManifest.xml:14:13-84
184            android:directBootAware="true"
184-->[com.google.firebase:firebase-common:19.3.0] AndroidManifest.xml:34:13-43
185            android:exported="false" >
185-->[com.google.firebase:firebase-crashlytics:17.0.0-beta04] AndroidManifest.xml:15:13-37
186            <meta-data
186-->[com.google.firebase:firebase-crashlytics:17.0.0-beta04] AndroidManifest.xml:16:13-18:85
187                android:name="com.google.firebase.components:com.google.firebase.crashlytics.CrashlyticsRegistrar"
187-->[com.google.firebase:firebase-crashlytics:17.0.0-beta04] AndroidManifest.xml:17:17-115
188                android:value="com.google.firebase.components.ComponentRegistrar" />
188-->[com.google.firebase:firebase-crashlytics:17.0.0-beta04] AndroidManifest.xml:18:17-82
189            <meta-data
189-->[com.google.android.gms:play-services-measurement-api:17.3.0] AndroidManifest.xml:30:13-32:85
190                android:name="com.google.firebase.components:com.google.firebase.analytics.connector.internal.AnalyticsConnectorRegistrar"
190-->[com.google.android.gms:play-services-measurement-api:17.3.0] AndroidManifest.xml:31:17-139
191                android:value="com.google.firebase.components.ComponentRegistrar" />
191-->[com.google.android.gms:play-services-measurement-api:17.3.0] AndroidManifest.xml:32:17-82
192            <meta-data
192-->[com.google.firebase:firebase-iid:20.0.2] AndroidManifest.xml:32:13-34:85
193                android:name="com.google.firebase.components:com.google.firebase.iid.Registrar"
193-->[com.google.firebase:firebase-iid:20.0.2] AndroidManifest.xml:33:17-96
194                android:value="com.google.firebase.components.ComponentRegistrar" />
194-->[com.google.firebase:firebase-iid:20.0.2] AndroidManifest.xml:34:17-82
195        </service>
196        <service
196-->[com.google.android.datatransport:transport-backend-cct:2.2.0] AndroidManifest.xml:29:9-35:19
197            android:name="com.google.android.datatransport.runtime.backends.TransportBackendDiscovery"
197-->[com.google.android.datatransport:transport-backend-cct:2.2.0] AndroidManifest.xml:30:13-103
198            android:exported="false" >
198-->[com.google.android.datatransport:transport-backend-cct:2.2.0] AndroidManifest.xml:31:13-37
199            <meta-data
199-->[com.google.android.datatransport:transport-backend-cct:2.2.0] AndroidManifest.xml:32:13-34:39
200                android:name="backend:com.google.android.datatransport.cct.CctBackendFactory"
200-->[com.google.android.datatransport:transport-backend-cct:2.2.0] AndroidManifest.xml:33:17-94
201                android:value="cct" />
201-->[com.google.android.datatransport:transport-backend-cct:2.2.0] AndroidManifest.xml:34:17-36
202        </service>
203        <service
203-->[com.google.android.datatransport:transport-runtime:2.2.0] AndroidManifest.xml:26:9-30:19
204            android:name="com.google.android.datatransport.runtime.scheduling.jobscheduling.JobInfoSchedulerService"
204-->[com.google.android.datatransport:transport-runtime:2.2.0] AndroidManifest.xml:27:13-117
205            android:exported="false"
205-->[com.google.android.datatransport:transport-runtime:2.2.0] AndroidManifest.xml:28:13-37
206            android:permission="android.permission.BIND_JOB_SERVICE" >
206-->[com.google.android.datatransport:transport-runtime:2.2.0] AndroidManifest.xml:29:13-69
207        </service>
208
209        <receiver
209-->[com.google.android.datatransport:transport-runtime:2.2.0] AndroidManifest.xml:32:9-34:40
210            android:name="com.google.android.datatransport.runtime.scheduling.jobscheduling.AlarmManagerSchedulerBroadcastReceiver"
210-->[com.google.android.datatransport:transport-runtime:2.2.0] AndroidManifest.xml:33:13-132
211            android:exported="false" />
211-->[com.google.android.datatransport:transport-runtime:2.2.0] AndroidManifest.xml:34:13-37
212
213        <provider
213-->[com.mapbox.mapboxsdk:mapbox-android-telemetry:4.7.1] AndroidManifest.xml:18:9-22:39
214            android:name="com.mapbox.android.telemetry.provider.MapboxTelemetryInitProvider"
214-->[com.mapbox.mapboxsdk:mapbox-android-telemetry:4.7.1] AndroidManifest.xml:19:13-93
215            android:authorities="com.treeleaf.anydone.serviceprovider.mapboxtelemetryinitprovider"
215-->[com.mapbox.mapboxsdk:mapbox-android-telemetry:4.7.1] AndroidManifest.xml:20:13-79
216            android:exported="false"
216-->[com.mapbox.mapboxsdk:mapbox-android-telemetry:4.7.1] AndroidManifest.xml:21:13-37
217            android:initOrder="100" />
217-->[com.mapbox.mapboxsdk:mapbox-android-telemetry:4.7.1] AndroidManifest.xml:22:13-36
218
219        <service
219-->[com.mapbox.mapboxsdk:mapbox-android-telemetry:4.7.1] AndroidManifest.xml:24:9-26:72
220            android:name="com.mapbox.android.telemetry.crash.CrashReporterJobIntentService"
220-->[com.mapbox.mapboxsdk:mapbox-android-telemetry:4.7.1] AndroidManifest.xml:25:13-92
221            android:permission="android.permission.BIND_JOB_SERVICE" />
221-->[com.mapbox.mapboxsdk:mapbox-android-telemetry:4.7.1] AndroidManifest.xml:26:13-69
222
223        <activity
223-->[com.google.android.gms:play-services-auth:17.0.0] AndroidManifest.xml:23:9-27:75
224            android:name="com.google.android.gms.auth.api.signin.internal.SignInHubActivity"
224-->[com.google.android.gms:play-services-auth:17.0.0] AndroidManifest.xml:24:13-93
225            android:excludeFromRecents="true"
225-->[com.google.android.gms:play-services-auth:17.0.0] AndroidManifest.xml:25:13-46
226            android:exported="false"
226-->[com.google.android.gms:play-services-auth:17.0.0] AndroidManifest.xml:26:13-37
227            android:theme="@android:style/Theme.Translucent.NoTitleBar" />
227-->[com.google.android.gms:play-services-auth:17.0.0] AndroidManifest.xml:27:13-72
228        <!--
229            Service handling Google Sign-In user revocation. For apps that do not integrate with
230            Google Sign-In, this service will never be started.
231        -->
232        <service
232-->[com.google.android.gms:play-services-auth:17.0.0] AndroidManifest.xml:33:9-36:110
233            android:name="com.google.android.gms.auth.api.signin.RevocationBoundService"
233-->[com.google.android.gms:play-services-auth:17.0.0] AndroidManifest.xml:34:13-89
234            android:exported="true"
234-->[com.google.android.gms:play-services-auth:17.0.0] AndroidManifest.xml:35:13-36
235            android:permission="com.google.android.gms.auth.api.signin.permission.REVOCATION_NOTIFICATION" />
235-->[com.google.android.gms:play-services-auth:17.0.0] AndroidManifest.xml:36:13-107
236
237        <receiver
237-->[com.google.firebase:firebase-iid:20.0.2] AndroidManifest.xml:37:9-44:20
238            android:name="com.google.firebase.iid.FirebaseInstanceIdReceiver"
238-->[com.google.firebase:firebase-iid:20.0.2] AndroidManifest.xml:38:13-78
239            android:exported="true"
239-->[com.google.firebase:firebase-iid:20.0.2] AndroidManifest.xml:39:13-36
240            android:permission="com.google.android.c2dm.permission.SEND" >
240-->[com.google.firebase:firebase-iid:20.0.2] AndroidManifest.xml:40:13-73
241            <intent-filter>
241-->[com.google.firebase:firebase-iid:20.0.2] AndroidManifest.xml:41:13-43:29
242                <action android:name="com.google.android.c2dm.intent.RECEIVE" />
242-->[com.google.firebase:firebase-iid:20.0.2] AndroidManifest.xml:42:17-81
242-->[com.google.firebase:firebase-iid:20.0.2] AndroidManifest.xml:42:25-78
243            </intent-filter>
244        </receiver>
245
246        <activity
246-->[com.google.android.gms:play-services-base:17.0.0] AndroidManifest.xml:23:9-26:75
247            android:name="com.google.android.gms.common.api.GoogleApiActivity"
247-->[com.google.android.gms:play-services-base:17.0.0] AndroidManifest.xml:24:13-79
248            android:exported="false"
248-->[com.google.android.gms:play-services-base:17.0.0] AndroidManifest.xml:25:13-37
249            android:theme="@android:style/Theme.Translucent.NoTitleBar" />
249-->[com.google.android.gms:play-services-base:17.0.0] AndroidManifest.xml:26:13-72
250
251        <provider
251-->[com.google.firebase:firebase-common:19.3.0] AndroidManifest.xml:26:9-30:39
252            android:name="com.google.firebase.provider.FirebaseInitProvider"
252-->[com.google.firebase:firebase-common:19.3.0] AndroidManifest.xml:27:13-77
253            android:authorities="com.treeleaf.anydone.serviceprovider.firebaseinitprovider"
253-->[com.google.firebase:firebase-common:19.3.0] AndroidManifest.xml:28:13-72
254            android:exported="false"
254-->[com.google.firebase:firebase-common:19.3.0] AndroidManifest.xml:29:13-37
255            android:initOrder="100" />
255-->[com.google.firebase:firebase-common:19.3.0] AndroidManifest.xml:30:13-36
256
257        <receiver
257-->[com.google.android.gms:play-services-measurement:17.3.0] AndroidManifest.xml:29:9-33:20
258            android:name="com.google.android.gms.measurement.AppMeasurementReceiver"
258-->[com.google.android.gms:play-services-measurement:17.3.0] AndroidManifest.xml:30:13-85
259            android:enabled="true"
259-->[com.google.android.gms:play-services-measurement:17.3.0] AndroidManifest.xml:31:13-35
260            android:exported="false" >
260-->[com.google.android.gms:play-services-measurement:17.3.0] AndroidManifest.xml:32:13-37
261        </receiver>
262        <receiver